<?xml version='1.0' encoding='UTF-8'?>
<artifactDescriptor xmlns:ns2="http://www.w3.org/2000/09/xmldsig#"
                    xmlns="urn:com:atricore:liveservices:liveupdate:1.0:md"
                    lastUpdate="2010-12-25T19:32:52Z"
                    checksum="">
    <ns2:Signature xmlns="http://www.w3.org/2000/09/xmldsig#">
        <SignedInfo>
            <CanonicalizationMethod Algorithm="http://www.w3.org/TR/2001/REC-xml-c14n-20010315#WithComments"/>
            <SignatureMethod Algorithm="http://www.w3.org/2000/09/xmldsig#rsa-sha1"/>
            <Reference URI="#id0000000111">
                <Transforms>
                    <Transform Algorithm="http://www.w3.org/2000/09/xmldsig#enveloped-signature"/>
                </Transforms>
                <DigestMethod Algorithm="http://www.w3.org/2000/09/xmldsig#sha1"/>
                <DigestValue>5BcPJn97FE+HRWaQa95cqWtsnAc=</DigestValue>
            </Reference>
        </SignedInfo>
        <SignatureValue>
            VaU+LPPQRvArwLhItgtltBLYkrgXL53ElFYTcMHFtzNHm/mTDZkxf86um6WgpAXDTRy+KWnZZ/TgW70gnxblzW5juw1Fri8J4Z+VZLzT5A6K+z2yUMpW8h132iuU4I25/3g9DKY2grjoWRk0YCsVf3ycef6ItixG6f9029zIV5M=
        </SignatureValue>
        <KeyInfo>
            <X509Data>
                <X509Certificate>
                    MIIE0zCCA7ugAwIBAgIkAhwR/6TV13SCQflqv+LdVvJ05dmYfXF3XrNceJgPAgIEXQK9MA0GCSqGSIb3DQEBBQUAMDExGjAYBgNVBAsTEU9yZ2FuaXphdGlvbmFsIENBMRMwEQYDVQQKFApuYW0wMV90cmVlMB4XDTA5MDYyMDAxMjIxNFoXDTExMDYyMDAxMjIxNFowZTESMBAGA1UEAxMJam9zc28tc3AxMQ4wDAYDVQQLEwVqb3NzbzERMA8GA1UEChMIYXRyaWNvcmUxETAPBgNVBAcTCE5ldyBZb3JrMQswCQYDVQQIEwJOWTEMMAoGA1UEBhMDVVNBMIGfMA0GCSqGSIb3DQEBAQUAA4GNADCBiQKBgQDEnUh9guWAxB0AI51pGtCRwCEJAFgFoKZlXwLGFPa7+1L+4jo5Oih5RZdY7bRYpv56Q5jlCiRPHbW3oYDlexd+CcfXMhKjuNayau6l/ZJD2ICfIRSStJggeGmbA8rZKUmDTim0m5HScHpWEQd/llUuyCrgx/fUDkwJ1CSkOGyOHQIDAQABo4ICITCCAh0wHQYDVR0OBBYEFFDsMByQWSPQy7fCCjA9eC+b23GTMB8GA1UdIwQYMBaAFEbWfhVp6z/iUKW6ipwG9X3imtMHMAsGA1UdDwQEAwIEsDCCAcwGC2CGSAGG+DcBCQQBBIIBuzCCAbcEAgEAAQH/Ex1Ob3ZlbGwgU2VjdXJpdHkgQXR0cmlidXRlKHRtKRZDaHR0cDovL2RldmVsb3Blci5ub3ZlbGwuY29tL3JlcG9zaXRvcnkvYXR0cmlidXRlcy9jZXJ0YXR0cnNfdjEwLmh0bTCCAUigGgEBADAIMAYCAQECAUYwCDAGAgEBAgEKAgFpoRoBAQAwCDAGAgEBAgEAMAgwBgIBAQIBAAIBAKIGAgEXAQH/o4IBBKBYAgECAgIA/wIBAAMNAIAAAAAAAAAAAAAAAAMJAIAAAAAAAAAAMBgwEAIBAAIIf/////////8BAQACBAbw30gwGDAQAgEAAgh//////////wEBAAIEBvDfSKFYAgECAgIA/wIBAAMNAEAAAAAAAAAAAAAAAAMJAEAAAAAAAAAAMBgwEAIBAAIIf/////////8BAQACBBH/pNUwGDAQAgEAAgh//////////wEBAAIEEf+k1aJOMEwCAQICAQACAgD/Aw0AgAAAAAAAAAAAAAAAAwkAgAAAAAAAAAAwEjAQAgEAAgh//////////wEBADASMBACAQACCH//////////AQEAMA0GCSqGSIb3DQEBBQUAA4IBAQCW4svATocORIjaBYVfFopCoXvjXm0GCaqjlpSISETSOZXKDmB18acdH8BE4hBR38avN4TrNORsd/aooo/D62PxbZUibxlq3fVVxBgi0WwW+1tkScGkOICRTIx9qZ4FZ0bHknPDVLGIzskeiHNR1eRW2ujrta1vWjrt+JNLOp/bh8txhCzltyb3nDpyKc5b6R3zbvvs9U/3fm5h83FmzanscjplFwZcrJxLH+BeYr+3I+T0USftV/+k1dMWKzU9YG44eJyWXgqFglgG5VomPiO/WlliMtSNj67xeflURWZiaSX8N4qNIM1030jBmGg3Vhfb9zltarBTjSx+XWcYAFmT
                </X509Certificate>
            </X509Data>
        </KeyInfo>
    </ns2:Signature>
    <artifact type="zip" classifier="resources" version="1.1.2" name="console-config"
              group="com.atricore.idbus.console" ID="id0000000111"/>
</artifactDescriptor>