<?xml version="1.0" encoding="ISO-8859-1" ?>

<!--
  ~ Atricore IDBus
  ~
  ~ Copyright (c) 2009, Atricore Inc.
  ~
  ~ This is free software; you can redistribute it and/or modify it
  ~ under the terms of the GNU Lesser General Public License as
  ~ published by the Free Software Foundation; either version 2.1 of
  ~ the License, or (at your option) any later version.
  ~
  ~ This software is distributed in the hope that it will be useful,
  ~ but WITHOUT ANY WARRANTY; without even the implied warranty of
  ~ MERCHANTABILITY or FITNESS FOR A PARTICULAR PURPOSE. See the GNU
  ~ Lesser General Public License for more details.
  ~
  ~ You should have received a copy of the GNU Lesser General Public
  ~ License along with this software; if not, write to the Free
  ~ Software Foundation, Inc., 51 Franklin St, Fifth Floor, Boston, MA
  ~ 02110-1301 USA, or see the FSF site: http://www.fsf.org.
  -->
<s:beans xmlns="http://www.springframework.org/schema/beans"
         xmlns:xsi="http://www.w3.org/2001/XMLSchema-instance"
         xmlns:osgi="http://www.springframework.org/schema/osgi"
         xmlns:s="http://www.springframework.org/schema/beans"
         xsi:schemaLocation="
        http://www.springframework.org/schema/beans http://www.springframework.org/schema/beans/spring-beans-2.5.xsd
        http://www.springframework.org/schema/osgi  http://www.springframework.org/schema/osgi/spring-osgi.xsd"
        >

    <bean name="idau1-mediation-unit" class="org.atricore.idbus.kernel.main.mediation.SpringMediationUnitImpl"
          depends-on="idau1-cot,idau1-samlr2-cot-mgr">

        <property name="name" value="Identity Mediation Unit #1"/>

        <property name="channels">
            <list>
                <ref bean="idp1-to-sp-default-channel"/>
                <ref bean="idp1-claim-channel"/>
                <ref bean="sp1-to-idp-default-channel"/>
                <ref bean="sp1-josso-binding-channel"/>
            </list>
        </property>
    </bean>

    <!-- ================================================================== -->
    <!--                                                                    -->
    <!-- Circle of Trust, maps to SAMLR2 Entities (SAML2Meta)               -->
    <!--                                                                    -->
    <!-- ================================================================== -->

    <bean name="idau1-cot"
          class="org.atricore.idbus.kernel.main.federation.metadata.CircleOfTrustImpl"
          depends-on="idp1,sp1">

        <property name="name" value="cot1"/>
        <property name="providers">
            <set>
                <ref bean="idp1"/>
                <ref bean="sp1"/>
            </set>
        </property>
    </bean>

    <!-- We use a SAMLR2 Cricle of Trust manager implementation -->
    <bean name="idau1-samlr2-cot-mgr" class="org.atricore.idbus.capabilities.samlr2.main.SamlR2CircleOfTrustManager">
        <property name="cot" ref="idau1-cot"/>
    </bean>

    <!-- ================================================================== -->
    <!--                                                                    -->
    <!-- Identity Mediators Registry                                        -->
    <!--                                                                    -->
    <!-- ================================================================== -->

    <import resource="idp1/idp1-config.xml"/>
    <import resource="sp1/sp1-config.xml"/>


    <!-- ================================================================== -->
    <!--                                                                    -->
    <!-- SSO Base services defintion                                        -->
    <!--                                                                    -->
    <!-- ================================================================== -->

    <!-- ================================================================== -->
    <!-- SSO Session Manager Service                                        -->
    <!-- ================================================================== -->
    <!-- TODO : This is used by SPs, this must be changed -->
    <bean name="idau1-idp1-session-manager"
          class="org.atricore.idbus.kernel.main.session.service.SSOSessionManagerImpl">
        <property name="maxInactiveInterval" value="30"/>
        <property name="maxSessionsPerUser" value="-1"/>
        <property name="invalidateExceedingSessions" value="false"/>
        <property name="sessionMonitorInterval" value="10000"/>
        <property name="sessionIdGenerator">
            <bean class="org.atricore.idbus.kernel.main.session.service.SessionIdGeneratorImpl">
                <property name="algorithm" value="MD5"/>
            </bean>
        </property>
        <property name="sessionStore">
            <bean class="org.atricore.idbus.idojos.memorysessionstore.MemorySessionStore"/>
        </property>
    </bean>

    <!-- ================================================================== -->
    <!-- MOM support used as a cross-channel message bus                    -->
    <!-- ================================================================== -->

    <!--
    <osgi:service id="osgi-artifactQueueManager" ref="artifactQueueManager"
                  interface="org.atricore.idbus.kernel.main.mediation.MessageQueueManager"/>
    -->

    <bean name="idau1-artifact-queue-manager"
          class="org.atricore.idbus.kernel.main.mediation.MessageQueueManager"
          depends-on="idau1-aqm-broker"
          destroy-method="shutDown">

        <property name="jmsProviderDestinationName" value="Queue/IDBUS/Artifact"/>

        <property name="artifactGenerator">
            <bean class="org.atricore.idbus.kernel.main.mediation.ArtifactGeneratorImpl"/>
        </property>

        <property name="connectionFactory" ref="idau1-aqm-connection-factory"/>
    </bean>

    <bean id="idau1-aqm-connection-factory" class="org.apache.activemq.ActiveMQConnectionFactory">
        <property name="brokerURL" value="tcp://localhost:61217"/>
    </bean>

    <bean name="idau1-aqm-broker" class="org.apache.activemq.xbean.XBeanBrokerService">
        <property name="transportConnectors">
            <list>
                <bean class="org.apache.activemq.broker.TransportConnector">
                    <property name="uri" value="tcp://localhost:61217"/>
                </bean>
            </list>
        </property>
    </bean>

    <!-- OSGi services import -->
    <osgi:service id="idau1-mediation-unit-exporter" ref="idau1-mediation-unit"
                  interface="org.atricore.idbus.kernel.main.mediation.IdentityMediationUnit" />

    <!--
    <osgi:reference id="identity-mediation-unit-registry" cardinality="1..1" timeout="60"
                    interface="org.atricore.idbus.kernel.main.mediation.IdentityMediationUnitRegistry"/>
                    -->

    <osgi:reference id="identity-mediation-engine" cardinality="1..1" timeout="60"
                  interface="org.atricore.idbus.kernel.main.mediation.IdentityMediationUnitContainer" />

    <!-- OSGi services import -->
    <osgi:reference id="bpms-manager" cardinality="1..1" timeout="60"
                    interface="org.atricore.idbus.kernel.planning.jbpm.BPMSManager" />

    <!-- ================================================================== -->
    <!--                                                                    -->
    <!--  Service Provider (SP) Definition                                  -->
    <!--                                                                    -->
    <!-- ================================================================== -->
    <bean name="sp1" class="org.atricore.idbus.kernel.main.mediation.provider.ServiceProviderImpl">
        <property name="name" value="sp1"/>
        <property name="role" value="{urn:oasis:names:tc:SAML:2.0:metadata}SPSSODescriptor"/>
        <property name="cotManager" ref="idau1-samlr2-cot-mgr"/>
        <property name="unitContainer" ref="identity-mediation-engine"/>

        <!-- Default SP Channel -->
        <property name="channel" ref="sp1-to-idp-default-channel"/>

        <!-- We can override channels setup for specific IDPs here
        <property name="channels">
            <set>
                <ref bean="sp1-to-idp1-channel"/>
            </set>
        </property>
        -->

    </bean>

    <!-- ================================================================== -->
    <!-- SP 1 SAMLR2 Metadata (TODO : Make dynamic for local providers!)    -->
    <!-- ================================================================== -->
    <bean  name="sp1-to-idp-default-md"
           class="org.atricore.idbus.kernel.main.federation.metadata.ResourceCircleOfTrustMemberDescriptorImpl">
        <property name="id" value="sp1-md"/>
        <property name="alias" value="http://localhost:8080/IDBUS/SP-1/SAML2/MD"/>
        <property name="resource" value="classpath:org/atricore/idbus/examples/simplefederation/idau/sp1/sp-1-samlr2-metadata.xml"/>
    </bean>

    <bean name="sp1-to-idp-default-channel" class="org.atricore.idbus.kernel.main.mediation.channel.IdPChannelImpl">
        <property name="name" value="sp1-to-idp-default-channel"/>
        <property name="description" value="SP1 Default IDP channel"/>
        <property name="provider" ref="sp1"/>
        <property name="member" ref="sp1-to-idp-default-md"/>
        <property name="location" value="http://localhost:8080/IDBUS/SP-1"/>
        <property name="accountLinkLifecycle" ref="sp1-account-link-lifecycle"/>
        <property name="accountLinkEmitter" ref="sp1-account-link-emitter"/>
        <property name="identityMediator" ref="sp1-samlr2-mediator"/>
        <property name="sessionManager" ref="idau1-idp1-session-manager"/>
        <property name="identityManager" ref="sp1-identity-manager"/>
        <!--NO TARGET IN DEFAULTCHANNEL : property name="target" ref="sp-1-md"/-->

        <property name="endpoints">
            <list>
                <!-- SLO HTTP POST -->
                <bean name="sp1-slo-http-post"
                      class="org.atricore.idbus.kernel.main.mediation.endpoint.IdentityMediationEndpointImpl">
                    <property name="name" value="sp1-slo-http-post"/>
                    <property name="type" value="{urn:oasis:names:tc:SAML:2.0:metadata}SingleLogoutService"/>
                    <property name="binding" value="urn:oasis:names:tc:SAML:2.0:bindings:HTTP-POST"/>
                </bean>

                <!-- SLO HTTP Redirect-->
                <bean name="sp1-slo-http-redirect"
                      class="org.atricore.idbus.kernel.main.mediation.endpoint.IdentityMediationEndpointImpl">
                    <property name="name" value="sp1-slo-http-redirect"/>
                    <property name="type" value="{urn:oasis:names:tc:SAML:2.0:metadata}SingleLogoutService"/>
                    <property name="binding" value="urn:oasis:names:tc:SAML:2.0:bindings:HTTP-Redirect"/>
                </bean>

                <!-- AC HTTP POST -->
                <bean name="sp1-ac-http-post"
                      class="org.atricore.idbus.kernel.main.mediation.endpoint.IdentityMediationEndpointImpl">
                    <property name="name" value="sp1-ac-http-post"/>
                    <property name="type" value="{urn:oasis:names:tc:SAML:2.0:metadata}AssertionConsumerService"/>
                    <property name="binding" value="urn:oasis:names:tc:SAML:2.0:bindings:HTTP-POST"/>

                    <property name="identityPlans">
                        <list>
                            <ref bean="idpunsolicitedresponse-to-subject-plan"/>
                        </list>
                    </property>

                </bean>

                <!-- AC HTTP Redirect-->
                <bean name="sp1-ac-http-redirect"
                      class="org.atricore.idbus.kernel.main.mediation.endpoint.IdentityMediationEndpointImpl">
                    <property name="name" value="sp1-ac-http-redirect"/>
                    <property name="type" value="{urn:oasis:names:tc:SAML:2.0:metadata}AssertionConsumerService"/>
                    <property name="binding" value="urn:oasis:names:tc:SAML:2.0:bindings:HTTP-Redirect"/>
                </bean>

                <!-- AC HTTP Artifact -->
                <bean name="sp1-ac-http-artifact"
                      class="org.atricore.idbus.kernel.main.mediation.endpoint.IdentityMediationEndpointImpl">
                    <property name="name" value="sp1-ac-http-artifact"/>
                    <property name="type" value="{urn:oasis:names:tc:SAML:2.0:metadata}AssertionConsumerService"/>
                    <property name="binding" value="urn:oasis:names:tc:SAML:2.0:bindings:HTTP-Artifact"/>
                </bean>

                <!-- SP Agent, this does not have a SAMLR2 Counterpart in SAML Metadata  -->
                <bean name="sp1-josso-sso-http-redirect"
                      class="org.atricore.idbus.kernel.main.mediation.endpoint.IdentityMediationEndpointImpl">
                    <property name="name" value="sp1-josso-sso-http-redirect"/>
                    <property name="type" value="{urn:org:atricore:idbus:sso:metadata}SPInitiatedSingleSignOnService"/>
                    <property name="binding" value="urn:org:atricore:idbus:sso:bindings:HTTP-Redirect"/>
                    <property name="location" value="/IDBUS/SSO/IDBUS/REDIR"/>

                    <property name="identityPlans">
                        <list>
                            <ref bean="spinitiatedauthnreq-to-samlr2autnreq-plan"/>
                        </list>
                    </property>
                </bean>

                <!-- SP Agent, this does not have a SAMLR2 Counterpart in SAML Metadata  -->
                <bean name="sp1-josso-sso-http-artifact"
                      class="org.atricore.idbus.kernel.main.mediation.endpoint.IdentityMediationEndpointImpl">
                    <property name="name" value="sp1-josso-sso-http-artifact"/>
                    <property name="type" value="{urn:org:atricore:idbus:sso:metadata}SPInitiatedSingleSignOnService"/>
                    <property name="binding" value="urn:org:atricore:idbus:sso:bindings:HTTP-Artifact"/>
                    <property name="location" value="/IDBUS/SSO/IDBUS/ARTIFACT"/>
                    <property name="identityPlans">
                        <list>
                            <ref bean="spinitiatedauthnreq-to-samlr2autnreq-plan"/>
                        </list>
                    </property>

                </bean>

                <!-- SP Agent, this does not have a SAMLR2 Counterpart in SAML Metadata  -->
                <bean name="sp1-josso-slo-http-redirect"
                      class="org.atricore.idbus.kernel.main.mediation.endpoint.IdentityMediationEndpointImpl">
                    <property name="name" value="sp1-josso-slo-http-redirect"/>
                    <property name="type" value="{urn:org:atricore:idbus:sso:metadata}SPInitiatedSingleLogoutService"/>
                    <property name="binding" value="urn:org:atricore:idbus:sso:bindings:HTTP-Redirect"/>
                    <property name="location" value="/IDBUS/SLO/IDBUS/REDIR"/>
                    <property name="identityPlans">
                        <list>
                            <ref bean="spinitiatedsloreq-to-samlr2sloreq-plan"/>
                        </list>
                    </property>
                </bean>

                <!-- SP Agent, this does not have a SAMLR2 Counterpart in SAML Metadata  -->
                <bean name="sp1-josso-slo-http-artifact"
                      class="org.atricore.idbus.kernel.main.mediation.endpoint.IdentityMediationEndpointImpl">
                    <property name="name" value="sp1-josso-slo-http-artifact"/>
                    <property name="type" value="{urn:org:atricore:idbus:sso:metadata}SPInitiatedSingleLogoutService"/>
                    <property name="binding" value="urn:org:atricore:idbus:sso:bindings:HTTP-Artifact"/>
                    <property name="location" value="/IDBUS/SLO/IDBUS/ARTIFACT"/>
                    <property name="identityPlans">
                        <list>
                            <ref bean="spinitiatedsloreq-to-samlr2sloreq-plan"/>
                        </list>
                    </property>
                </bean>

            </list>
        </property>


    </bean>


    <bean name="sp1-samlr2-mediator" class="org.atricore.idbus.capabilities.samlr2.main.sp.SamlR2SPMediator">

        <property name="preferredIdpAlias"  value="http://localhost:8080/IDBUS/IDP-1/SAML2/MD" />

        <property name="preferredIdpSSOBinding" value="urn:oasis:names:tc:SAML:2.0:bindings:HTTP-POST"/>
        <property name="preferredIdpSLOBinding" value="urn:oasis:names:tc:SAML:2.0:bindings:HTTP-POST"/>

        <property name="spBindingACS" value="http://localhost:8080/IDBUS/SPB-1/IDBUS/ACS/ARTIFACT"/>
        <property name="spBindingSLO" value="http://localhost:8080/IDBUS/SPB-1/IDBUS/SLO/ARTIFACT"/>

        <property name="logMessages" value="true"/>

        <property name="errorUrl" value="http://localhost:8080/idbus-ui/error.do"/>

        <property name="bindingFactory">
            <bean class="org.atricore.idbus.capabilities.samlr2.main.binding.SamlR2BindingFactory"/>
        </property>

        <property name="artifactQueueManager" ref="idau1-artifact-queue-manager"/>

        <property name="signer">
            <bean name="sp1-samlr2-signer"
                  init-method="init"
                  class="org.atricore.idbus.capabilities.samlr2.support.core.signature.JSR105SamlR2SignerImpl" >
                <property name="keyResolver">
                    <bean class="org.atricore.idbus.capabilities.samlr2.support.core.SamlR2KeystoreKeyResolver">
                        <property name="keystoreType" value="JKS"/>
                        <property name="keystoreFile" value="classpath:org/atricore/idbus/examples/simplefederation/idau/sp1/sp1-keystore.jks"/>
                        <property name="keystorePass" value="ATRICORE"/>
                        <property name="privateKeyAlias" value="josso-sp1"/>
                        <property name="privateKeyPass" value="ATRICORE"/>
                        <property name="certificateAlias" value="josso-sp1"/>
                    </bean>
                </property>
            </bean>
        </property>

        <property name="encrypter">
            <bean name="sp1-samlr2-encrypter" class="org.atricore.idbus.capabilities.samlr2.support.core.encryption.XmlSecurityEncrypterImpl">
                <property name="symmetricKeyAlgorithmURI" value="http://www.w3.org/2001/04/xmlenc#aes128-cbc"/>
                <property name="kekAlgorithmURI" value="http://www.w3.org/2001/04/xmlenc#rsa-1_5"/>
                <property name="keyResolver">
                    <bean class="org.atricore.idbus.capabilities.samlr2.support.core.SamlR2KeystoreKeyResolver">
                         <property name="keystoreType" value="JKS"/>
                         <property name="keystoreFile" value="classpath:org/atricore/idbus/examples/simplefederation/idau/sp1/sp1-keystore.jks"/>
                         <property name="keystorePass" value="ATRICORE"/>
                         <property name="privateKeyAlias" value="josso-sp1"/>
                         <property name="privateKeyPass" value="ATRICORE"/>
                         <property name="certificateAlias" value="josso-sp1"/>
                    </bean>
                </property>
            </bean>
        </property>

        <property name="logger" >
            <bean name="sp1-1-mediation-logger"
                  class="org.atricore.idbus.kernel.main.mediation.camel.logging.DefaultMediationLogger">
                <property name="messageBuilders">
                    <list>
                        <bean class="org.atricore.idbus.capabilities.samlr2.main.binding.logging.SamlR2LogMessageBuilder"/>
                        <bean class="org.atricore.idbus.kernel.main.mediation.camel.component.logging.CamelLogMessageBuilder"/>
                        <bean class="org.atricore.idbus.kernel.main.mediation.camel.component.logging.HttpLogMessageBuilder"/>
                    </list>
                </property>
                <property name="category" value="idbus.mediation.wire.sp1"/>
            </bean>
        </property>

    </bean>

    <bean name="sp1-account-link-lifecycle" class="org.atricore.idbus.kernel.main.federation.AccountLinkLifecycleImpl">
        <property name="identityStore" ref="sp1-identity-store" />
    </bean>

    <bean name="sp1-account-link-emitter"
          class="org.atricore.idbus.capabilities.samlr2.support.federation.OneToOneAccountLinkEmitter"/>

    <!-- ================================================================== -->
    <!-- SP1 Identity Manager Service                                       -->
    <!-- ================================================================== -->
    <!-- TODO : This is used by SPs, it must be changed -->
    <bean name="sp1-identity-manager"
            class="org.atricore.idbus.kernel.main.store.SSOIdentityManagerImpl">

        <property name="identityStore" ref="sp1-identity-store"/>

        <property name="identityStoreKeyAdapter">
            <bean class="org.atricore.idbus.kernel.main.store.identity.SimpleIdentityStoreKeyAdapter"/>
        </property>

    </bean>

    <!-- ================================================================== -->
    <!-- SP1 Memory Identity Store                                          -->
    <!-- ================================================================== -->
    <bean name="sp1-identity-store"
          class="org.atricore.idbus.idojos.dbidentitystore.JDBCIdentityStore">
        <property name="driverName" value="org.apache.derby.jdbc.ClientDriver"/>
        <property name="connectionURL" value="jdbc:derby://localhost:1527/console;create=false"/>
        <property name="connectionName" value="atricore"/>
        <property name="connectionPassword" value="admin"/>
        <property name="userQueryString" value="SELECT USERNAME AS NAME FROM &quot;USER&quot; WHERE USERNAME = ?"/>
        <property name="rolesQueryString" value="SELECT G.NAME FROM &quot;USER&quot; U JOIN USER_GROUPS UG ON U.id = UG.user_id JOIN &quot;GROUP&quot; G ON UG.GROUP_ID = G.id WHERE U.USERNAME = ?"/>
        <property name="credentialsQueryString" value="SELECT USERNAME, USERPASSWORD AS PASSWORD FROM &quot;USER&quot; WHERE USERNAME = ?" />
		<property name="userPropertiesQueryString" value="SELECT FIRSTNAME, SURENAME FROM &quot;USER&quot; WHERE USERNAME = ?"/>
        <property name="resetCredentialDml" value="UPDATE &quot;USER&quot; SET USERPASSWORD = ? WHERE USERNAME = ?"/>
        <property name="relayCredentialQueryString" value="SELECT USERNAME FROM &quot;USER&quot; WHERE #?# = ?"/>
    </bean>

    <!-- ================================================================== -->
    <!-- SP Planning                                                        -->
    <!-- ================================================================== -->
    <bean name="spinitiatedauthnreq-to-samlr2autnreq-plan"
          class="org.atricore.idbus.capabilities.samlr2.main.sp.plans.SPInitiatedAuthnReqToSamlR2AuthnReqPlan">
        <property name="bpmsManager" ref="bpms-manager"/>
    </bean>

    <bean name="spinitiatedsloreq-to-samlr2sloreq-plan"
          class="org.atricore.idbus.capabilities.samlr2.main.sp.plans.SPInitiatedLogoutReqToSamlR2LogoutReqPlan">
        <property name="bpmsManager" ref="bpms-manager"/>
    </bean>

    <bean name="idpunsolicitedresponse-to-subject-plan"
          class="org.atricore.idbus.capabilities.samlr2.main.sp.plans.SPInitiatedAuthnReqToSamlR2AuthnReqPlan">
        <property name="bpmsManager" ref="bpms-manager"/>
    </bean>

    <!-- ================================================================== -->
    <!--                                                                    -->
    <!--  SP JOSSO Binding Channel Definition                               -->
    <!--                                                                    -->
    <!-- ================================================================== -->

    <bean name="sp1-josso-binding-channel"
          class="org.atricore.idbus.kernel.main.mediation.binding.BindingChannelImpl">
        <property name="name" value="sp1-josso-binding-channel"/>
        <property name="location" value="http://localhost:8080"/>
        <property name="target" ref="sp1-to-idp-default-channel"/>
        <property name="mediationEngine" ref="identity-mediation-engine"/>
        <property name="identityMediator" ref="sp1-binding-channel-mediator"/>


        <property name="endpoints">
            <list>
                <!-- IDBUS JOSSO Binding SSO Endpoint (receives requests from agents) -->
                <bean name="sp1-binding-sso-redir"
                      class="org.atricore.idbus.kernel.main.mediation.endpoint.IdentityMediationEndpointImpl">
                    <property name="name" value="sp1-binding-sso-redir"/>
                    <property name="type" value="{urn:org:atricore:idbus:capabilities:josso:services}SingleSignOnService"/>
                    <property name="binding" value="urn:org:atricore:idbus:sso:bindings:HTTP-Redirect"/>
                    <property name="location" value="/IDBUS/SPB-1/IDBUS/SSO/REDIR"/>

                </bean>

                <!-- IDBUS JOSSO Binding SLO Endpoint (receives requests from agent and SP) -->
                <bean name="sp1-binding-slo-redir"
                      class="org.atricore.idbus.kernel.main.mediation.endpoint.IdentityMediationEndpointImpl">
                    <property name="name" value="sp1-binding-slo-redir"/>
                    <property name="type" value="{urn:org:atricore:idbus:capabilities:josso:services}SingleLogoutService"/>
                    <property name="binding" value="urn:org:atricore:idbus:sso:bindings:HTTP-Redirect"/>
                    <property name="location" value="/IDBUS/SPB-1/IDBUS/SLO/REDIR"/>
                </bean>

                <!-- IDBUS JOSSO Binding SLO Endpoint (receives requests from agent and SP) -->
                <bean name="sp1-binding-slo-artifact"
                      class="org.atricore.idbus.kernel.main.mediation.endpoint.IdentityMediationEndpointImpl">
                    <property name="name" value="sp1-binding-slo-artifact"/>
                    <property name="type" value="{urn:org:atricore:idbus:capabilities:josso:services}SingleLogoutService"/>
                    <property name="binding" value="urn:org:atricore:idbus:sso:bindings:HTTP-Artifact"/>
                    <property name="location" value="/IDBUS/SPB-1/IDBUS/SLO/ARTIFACT"/>
                </bean>


                <!-- IDBUS JOSSO Binding ACS Endpoint ( receives responses from SP) -->
                <bean name="sp1-binding-acs-artifact"
                      class="org.atricore.idbus.kernel.main.mediation.endpoint.IdentityMediationEndpointImpl">
                    <property name="name" value="sp1-binding-acs-artifact"/>
                    <property name="type" value="{urn:org:atricore:idbus:capabilities:josso:services}AssertionConsumerService"/>
                    <property name="binding" value="urn:org:atricore:idbus:sso:bindings:HTTP-Artifact"/>
                    <property name="location" value="/IDBUS/SPB-1/IDBUS/ACS/ARTIFACT"/>
                </bean>

                <!-- JOSSO 1.2 SSO Identity Manager SOAP Endpoint -->
                <bean name="sp1-binding-ssoidm-soap"
                      class="org.atricore.idbus.kernel.main.mediation.endpoint.IdentityMediationEndpointImpl">
                    <property name="name" value="sp1-binding-ssoidm-soap"/>
                    <property name="type" value="{urn:org:atricore:idbus:capabilities:josso:services}SSOIdentityManager"/>
                    <property name="binding" value="urn:org:atricore:idbus:capabilities:josso:bindings:SOAP"/>
                    <property name="location" value="/IDBUS/SPB-1/JOSSO/SSOIdentityManager/SOAP"/>
                </bean>

                <!-- JOSSO 1.2 SSO Identity Provider SOAP Endpoint -->
                <bean name="sp1-binding-ssoidp-soap"
                      class="org.atricore.idbus.kernel.main.mediation.endpoint.IdentityMediationEndpointImpl">
                    <property name="name" value="sp1-binding-ssoidp-soap"/>
                    <property name="type" value="{urn:org:atricore:idbus:capabilities:josso:services}SSOIdentityProvider"/>
                    <property name="binding" value="urn:org:atricore:idbus:capabilities:josso:bindings:SOAP"/>
                    <property name="location" value="/IDBUS/SPB-1/JOSSO/SSOIdentityProvider/SOAP"/>
                </bean>

                <!-- JOSSO 1.2 SSO Session Manager SOAP Endpoint -->
                <bean name="sp1-binding-ssosm-soap"
                      class="org.atricore.idbus.kernel.main.mediation.endpoint.IdentityMediationEndpointImpl">
                    <property name="name" value="sp1-binding-ssosm-soap"/>
                    <property name="type" value="{urn:org:atricore:idbus:capabilities:josso:services}SSOSessionManager"/>
                    <property name="binding" value="urn:org:atricore:idbus:capabilities:josso:bindings:SOAP"/>
                    <property name="location" value="/IDBUS/SPB-1/JOSSO/SSOSessionManager/SOAP"/>
                </bean>


            </list>

        </property>

    </bean>

    <bean name="sp1-binding-channel-mediator"
            class="org.atricore.idbus.capabilities.josso.main.JossoMediator">

        <property name="jossoAgentACS"
                  value="http://localhost:8181/partnerapp/josso_security_check"/>

        <property name="logMessages" value="true"/>

        <property name="bindingFactory">
            <bean class="org.atricore.idbus.capabilities.josso.main.binding.JossoBindingFactory"/>
        </property>

        <property name="artifactQueueManager" ref="idau1-artifact-queue-manager"/>
        <property name="errorUrl" value="http://localhost:8080/idbus-ui/error.do"/>

        <property name="logger" >
            <bean name="sp1-binding-mediation-logger"
                  class="org.atricore.idbus.kernel.main.mediation.camel.logging.DefaultMediationLogger">
                <property name="messageBuilders">
                    <list>
                        <bean class="org.atricore.idbus.capabilities.samlr2.main.binding.logging.SamlR2LogMessageBuilder"/>
                        <bean class="org.atricore.idbus.kernel.main.mediation.camel.component.logging.CamelLogMessageBuilder"/>
                        <bean class="org.atricore.idbus.kernel.main.mediation.camel.component.logging.HttpLogMessageBuilder"/>
                    </list>
                </property>
                <property name="category" value="idbus.mediation.wire.spb1"/>
            </bean>
        </property>


    </bean>

    <!-- ================================================================== -->
    <!--                                                                    -->
    <!--  Identity Provider (IDP) Definition                                -->
    <!--                                                                    -->
    <!-- ================================================================== -->
    <bean name="idp1" class="org.atricore.idbus.kernel.main.mediation.provider.IdentityProviderImpl">
        <property name="name" value="idp1"/>
        <property name="role" value="{urn:oasis:names:tc:SAML:2.0:metadata}IDPSSODescriptor"/>
        <property name="unitContainer" ref="identity-mediation-engine"/>
        <property name="cotManager" ref="idau1-samlr2-cot-mgr"/>

        <property name="channel" ref="idp1-to-sp-default-channel"/>

        <!--
        <property name="channels">
            <set>
                <ref bean="idp1-to-spX-channel"/>
            </set>
        </property>
        -->

    </bean>

    <!-- ================================================================== -->
    <!-- IDP 1 SAMLR2 Metadata (TODO : Make dynamic for local providers!)   -->
    <!-- ================================================================== -->
    <bean  name="idp1-md"
           class="org.atricore.idbus.kernel.main.federation.metadata.ResourceCircleOfTrustMemberDescriptorImpl">
        <property name="id" value="idp1-md"/>
        <property name="alias" value="http://localhost:8080/IDBUS/IDP-1/SAML2/MD"/>
        <property name="resource" value="classpath:org/atricore/idbus/examples/simplefederation/idau/idp1/idp-1-samlr2-metadata.xml"/>
    </bean>


    <!-- ================================================================== -->
    <!--                                                                    -->
    <!--  SAML R2 IDP Channel Definition (Maps to SAMLR2 Roles, SAMLMeta)   -->
    <!-- Channel role MUST match SAMLR2 Role descriptor elements            -->
    <!--                                                                    -->
    <!-- ================================================================== -->
    <bean name="idp1-to-sp-default-channel" class="org.atricore.idbus.kernel.main.mediation.channel.SPChannelImpl">
        <property name="name" value="idp1-to-sp-default-channel"/>
        <property name="location" value="http://localhost:8080/IDBUS/IDP-1"/>
        <property name="provider" ref="idp1"/>
        <property name="claimsProvider" ref="idp1-claim-channel"/>
        <property name="securityTokenService" ref="idp1-sts"/>
        <property name="sessionManager" ref="idau1-idp1-session-manager"/>
        <property name="identityManager" ref="idp1-identity-manager"/>

        <property name="member" ref="idp1-md"/>
        <property name="identityMediator" ref="idp1-samlr2-mediator"/>

        <!-- ============================================================= -->
        <!-- Endpoints are realted to SAMLR2 Metadata endpoints            -->
        <!-- IdentityMediationEndpoint binding MUST match SAMLR2 SamlR2Binding                    -->
        <!-- Location and Response location is OPTIONAL and overrides SAML -->
        <!-- definitions                                                   -->
        <!-- ============================================================= -->
        <property name="endpoints">
            <list>

                <!-- SLO HTTP POST -->
                <bean name="idp1-slo-http-post"
                      class="org.atricore.idbus.kernel.main.mediation.endpoint.IdentityMediationEndpointImpl">
                    <property name="name" value="idp1-slo-http-post"/>
                    <property name="type" value="{urn:oasis:names:tc:SAML:2.0:metadata}SingleLogoutService"/>
                    <property name="binding" value="urn:oasis:names:tc:SAML:2.0:bindings:HTTP-POST"/>

                    <property name="identityPlans">
                        <list>
                            <ref bean="samlr2sloreq-to-samlr2resp-plan"/>
                        </list>
                    </property>

                </bean>

                <!-- SLO HTTP Redirect-->
                <bean name="idp1-slo-http-redirect"
                      class="org.atricore.idbus.kernel.main.mediation.endpoint.IdentityMediationEndpointImpl">
                    <property name="name" value="idp1-slo-http-redirect"/>
                    <property name="type" value="{urn:oasis:names:tc:SAML:2.0:metadata}SingleLogoutService"/>
                    <property name="binding" value="urn:oasis:names:tc:SAML:2.0:bindings:HTTP-Redirect"/>

                    <property name="identityPlans">
                        <list>
                            <ref bean="samlr2sloreq-to-samlr2resp-plan"/>
                        </list>
                    </property>

                </bean>

                <!-- SLO SOAP -->
                <bean name="idp1-slo-soap"
                      class="org.atricore.idbus.kernel.main.mediation.endpoint.IdentityMediationEndpointImpl">
                    <property name="name" value="idp1-slo-soap"/>
                    <property name="type" value="{urn:oasis:names:tc:SAML:2.0:metadata}SingleLogoutService"/>
                    <property name="binding" value="urn:oasis:names:tc:SAML:2.0:bindings:SOAP"/>

                    <property name="identityPlans">
                        <list>
                            <ref bean="samlr2sloreq-to-samlr2resp-plan"/>
                        </list>
                    </property>

                </bean>

                <!-- SSO HTTP POST -->
                <bean name="idp1-sso-http-post"
                      class="org.atricore.idbus.kernel.main.mediation.endpoint.IdentityMediationEndpointImpl">
                    <property name="name" value="idp1-sso-http-post"/>
                    <property name="type" value="{urn:oasis:names:tc:SAML:2.0:metadata}SingleSignOnService"/>
                    <property name="binding" value="urn:oasis:names:tc:SAML:2.0:bindings:HTTP-POST"/>

                    <property name="identityPlans">
                        <list>
                            <ref bean="samlr2authnreq-to-samlr2resp-plan"/>
                            <ref bean="samlr2authnstmt-to-samlr2assertion-plan"/>
                        </list>
                    </property>

                </bean>

                <!-- SSO HTTP Artifact -->
                <bean name="idp1-sso-http-artifact"
                      class="org.atricore.idbus.kernel.main.mediation.endpoint.IdentityMediationEndpointImpl">
                    <property name="name" value="idp1-sso-http-artifact"/>
                    <property name="type" value="{urn:oasis:names:tc:SAML:2.0:metadata}SingleSignOnService"/>
                    <property name="binding" value="urn:oasis:names:tc:SAML:2.0:bindings:HTTP-Artifact"/>

                    <property name="identityPlans">
                        <list>
                            <ref bean="samlr2authnreq-to-samlr2resp-plan"/>
                            <ref bean="samlr2authnstmt-to-samlr2assertion-plan"/>
                        </list>
                    </property>

                </bean>

                <!-- SSO HTTP Redirect-->
                <bean name="idp1-sso-http-redirect"
                      class="org.atricore.idbus.kernel.main.mediation.endpoint.IdentityMediationEndpointImpl">
                    <property name="name" value="idp1-sso-http-redirect"/>
                    <property name="type" value="{urn:oasis:names:tc:SAML:2.0:metadata}SingleSignOnService"/>
                    <property name="binding" value="urn:oasis:names:tc:SAML:2.0:bindings:HTTP-Redirect"/>
                    <property name="identityPlans">
                        <list>
                            <ref bean="samlr2authnreq-to-samlr2resp-plan"/>
                            <ref bean="samlr2authnstmt-to-samlr2assertion-plan"/>
                        </list>
                    </property>
                </bean>

                <!-- JOSSO HTTP Artifact -->
                <bean name="idp1-josso-http-artifact"
                      class="org.atricore.idbus.kernel.main.mediation.endpoint.IdentityMediationEndpointImpl">
                    <property name="name" value="idp1-josso-http-artifact"/>
                    <property name="type" value="{urn:oasis:names:tc:SAML:2.0:metadata}SingleSignOnService"/>
                    <property name="binding" value="urn:org:atricore:idbus:sso:bindings:HTTP-Artifact"/>
                    <property name="location" value="/IDBUS/SSO/ARTIFACT"/>

                    <property name="identityPlans">
                        <list>
                            <ref bean="samlr2authnreq-to-samlr2resp-plan"/>
                            <ref bean="samlr2authnstmt-to-samlr2assertion-plan"/>
                        </list>
                    </property>

                </bean>
            </list>
        </property>

    </bean>

    <bean name="samlr2sloreq-to-samlr2resp-plan"
          class="org.atricore.idbus.capabilities.samlr2.main.idp.plans.SamlR2SloRequestToSamlR2RespPlan">
        <property name="bpmsManager" ref="bpms-manager"/>
    </bean>


    <bean name="samlr2authnreq-to-samlr2resp-plan"
          class="org.atricore.idbus.capabilities.samlr2.main.idp.plans.SamlR2AuthnRequestToSamlR2ResponsePlan">
        <property name="bpmsManager" ref="bpms-manager"/>
    </bean>

    <bean name="samlr2authnstmt-to-samlr2assertion-plan"
          class="org.atricore.idbus.capabilities.samlr2.main.emitter.plans.SamlR2SecurityTokenToAuthnAssertionPlan">
        <property name="bpmsManager" ref="bpms-manager"/>
    </bean>

    <bean name="samlr2authnreq-to-samlr2response"
          class="org.atricore.idbus.capabilities.samlr2.main.idp.plans.SamlR2AuthnReqToSamlR2RespPlan">
        <property name="bpmsManager" ref="bpms-manager"/>
    </bean>


    <bean name="idp1-samlr2-mediator" class="org.atricore.idbus.capabilities.samlr2.main.idp.SamlR2IDPMediator">
        <property name="logMessages" value="true"/>
        <property name="artifactQueueManager" ref="idau1-artifact-queue-manager"/>

        <property name="bindingFactory">
            <bean class="org.atricore.idbus.capabilities.samlr2.main.binding.SamlR2BindingFactory"/>
        </property>

        <property name="logger" >
            <bean name="idp1-mediation-logger"
                  class="org.atricore.idbus.kernel.main.mediation.camel.logging.DefaultMediationLogger">
                <property name="messageBuilders">
                    <list>
                        <bean class="org.atricore.idbus.capabilities.samlr2.main.binding.logging.SamlR2LogMessageBuilder"/>
                        <bean class="org.atricore.idbus.kernel.main.mediation.camel.component.logging.CamelLogMessageBuilder"/>
                        <bean class="org.atricore.idbus.kernel.main.mediation.camel.component.logging.HttpLogMessageBuilder"/>
                    </list>
                </property>
                <property name="category" value="idbus.mediation.wire.idp1"/>
            </bean>
        </property>

        <property name="signer" ref="idp1-samlr2-signer"/>

        <property name="encrypter" ref="idp1-samlr2-encrypter"/>

        <property name="errorUrl" value="http://localhost:8080/idbus-ui/error.do"/>

    </bean>

    <!-- SAMLR2 Identity artifact Signer (requests, responses, assertions, etc) -->
    <bean name="idp1-samlr2-signer"
          init-method="init"
          class="org.atricore.idbus.capabilities.samlr2.support.core.signature.JSR105SamlR2SignerImpl">
        <property name="keyResolver" >
            <bean name="idp-1-ks-sign-resolver"
                  class="org.atricore.idbus.capabilities.samlr2.support.core.SamlR2KeystoreKeyResolver">
                <property name="keystoreType" value="JKS"/>
                <property name="keystoreFile" value="classpath:org/atricore/idbus/examples/simplefederation/idau/idp1/idp1-keystore.jks"/>
                <property name="keystorePass" value="ATRICORE"/>
                <property name="privateKeyAlias" value="josso-sp1"/>
                <property name="privateKeyPass" value="ATRICORE"/>
                <property name="certificateAlias" value="josso-sp1"/>
            </bean>
        </property>
    </bean>

    <bean name="idp1-samlr2-encrypter"
          class="org.atricore.idbus.capabilities.samlr2.support.core.encryption.XmlSecurityEncrypterImpl">
        <property name="symmetricKeyAlgorithmURI" value="http://www.w3.org/2001/04/xmlenc#aes128-cbc"/>
        <property name="kekAlgorithmURI" value="http://www.w3.org/2001/04/xmlenc#rsa-1_5"/>
        <property name="keyResolver">
            <bean name="idp-1-ks-crypto-resolver"
                  class="org.atricore.idbus.capabilities.samlr2.support.core.SamlR2KeystoreKeyResolver">
                <property name="keystoreType" value="JKS"/>
                <property name="keystoreFile" value="classpath:org/atricore/idbus/examples/simplefederation/idau/idp1/idp1-keystore.jks"/>
                <property name="keystorePass" value="xmlsecurity"/>
                <property name="privateKeyAlias" value="rsa-keys"/>
                <property name="privateKeyPass" value="rsa-keys-pwd"/>
                <property name="certificateAlias" value="rsa-keys"/>
            </bean>
        </property>
    </bean>

    <!-- ================================================================== -->
    <!--                                                                    -->
    <!--  CLAMINS Channel Definition                                        -->
    <!--                                                                    -->
    <!-- ================================================================== -->
    <bean name="idp1-claim-channel" class="org.atricore.idbus.kernel.main.mediation.claim.ClaimChannelImpl">

        <property name="name" value="idp1-claim-channel"/>
        <property name="location" value="http://localhost:8080/IDBUS/CC-1"/>
        <property name="identityMediator" ref="idp1-samlr2-claims-mediator"/>
        <property name="unitContainer" ref="identity-mediation-engine"/>

        <!-- Claim channels do not have members ... -->

        <property name="endpoints">
            <list>

                <bean name="idp1-cc-pwd-artifact"
                      class="org.atricore.idbus.kernel.main.mediation.endpoint.IdentityMediationEndpointImpl">
                    <property name="name" value="idp1-cc-pwd-artifact"/>
                    <property name="binding" value="urn:org:atricore:idbus:sso:bindings:HTTP-Artifact"/>
                    <property name="location" value="/IDBUS/PWD/ARTIFACT"/>
                    <property name="responseLocation" value="/IDBUS/PWD/POST-RESP"/>
                    <property name="type" value="urn:oasis:names:tc:SAML:2.0:ac:classes:Password"/>
                </bean>

                <!-- TODO : Create claims post binding ! -->
                <bean name="idp1-cc-pwd-post"
                      class="org.atricore.idbus.kernel.main.mediation.endpoint.IdentityMediationEndpointImpl">
                    <property name="name" value="idp1-cc-pwd-post"/>
                    <property name="binding" value="urn:org:atricore:idbus:sso:bindings:HTTP-POST"/>
                    <property name="location" value="/IDBUS/PWD/POST"/>
                    <property name="type" value="urn:oasis:names:tc:SAML:2.0:ac:classes:Password"/>
                </bean>
                <!--
                <endpoint name="idp1-cc-rememberme"
                          binding="urn:oasis:names:tc:SAML:2.0:bindings:HTTP-Redirect"
                          location="/CC-1/REMEMBERME"
                          type="urn:oasis:names:tc:SAML:2.0:ac:classes:PreviousSession"/>

                <endpoint name="idp1-cc-x509"
                          binding="urn:oasis:names:tc:SAML:2.0:bindings:HTTP-Redirect"
                          location="/CC-1/X509"
                          type="urn:oasis:names:tc:SAML:2.0:ac:classes:X509"/>

                -->
            </list>
        </property>

    </bean>

    <!-- TODO : Move 'loginFormLocation' property to endpoit declaration
    -->
    <bean name="idp1-samlr2-claims-mediator" class="org.atricore.idbus.capabilities.samlr2.main.claims.SamlR2ClaimsMediator">
        <property name="logMessages" value="true"/>
        <property name="basicAuthnUILocation" value="http://localhost:8080/idbus-ui/claims/username-password.do"/>
        <property name="artifactQueueManager" ref="idau1-artifact-queue-manager"/>

        <property name="bindingFactory" >
            <bean class="org.atricore.idbus.capabilities.samlr2.main.binding.SamlR2BindingFactory"/>
        </property>

        <property name="logger" >
            <bean name="idp1-cc-1-mediation-logger"
                  class="org.atricore.idbus.kernel.main.mediation.camel.logging.DefaultMediationLogger">
                <property name="messageBuilders">
                    <list>
                        <bean class="org.atricore.idbus.capabilities.samlr2.main.binding.logging.SamlR2LogMessageBuilder"/>
                        <bean class="org.atricore.idbus.kernel.main.mediation.camel.component.logging.CamelLogMessageBuilder"/>
                        <bean class="org.atricore.idbus.kernel.main.mediation.camel.component.logging.HttpLogMessageBuilder"/>
                    </list>
                </property>
                <property name="category" value="idbus.mediation.wire.cc1"/>
            </bean>
        </property>
        <property name="errorUrl" value="http://localhost:8080/idbus-ui/error.do"/>
    </bean>

    <!--
    <mediation-logger id="claims-1-mediation-logger"
                      category="org.josso2.mediation.CLAIMS-1.wire">
        <msg-builders>
            <s:list>
                <im:http-logmsg-builder/>
                <im:soap-logmsg-builder/>
                <samlr2:samlr2-logmsg-builder/>
                <im:camel-logmsg-builder/>
            </s:list>
        </msg-builders>
    </mediation-logger>
    -->

    <!-- ================================================================== -->
    <!--                                                                    -->
    <!-- STS Service Definition                                             -->
    <!--                                                                    -->
    <!-- ================================================================== -->
    <bean name="idp1-sts"
          class="org.atricore.idbus.capabilities.sts.main.WSTSecurityTokenService">
        <property name="emitters">
            <list>
                <s:ref bean="idp1-samlr2-assertion-emitter"/>
            </list>
        </property>

        <property name="authenticators">
            <list>
                <ref bean="default-securitytoken-authenticator"/>
            </list>
        </property>

        <property name="artifactQueueManager" ref="idau1-artifact-queue-manager"/>

    </bean>

    <!-- Default Security Token authenticator -->
    <bean name="default-securitytoken-authenticator"
          class="org.atricore.idbus.capabilities.sts.main.DefaultSecurityTokenAuthenticator">
        <property name="authenticator" ref="idp-sso-authenticator"/>
    </bean>

    <bean name="idp-sso-authenticator"
            class="org.atricore.idbus.kernel.main.authn.AuthenticatorImpl">
        <property name="authenticationSchemes">
            <list>
                <ref bean="basic-authentication"/>
            </list>
        </property>
    </bean>

    <!-- SAMLR2 Security Token emitter (Assertions) -->
    <bean name="idp1-samlr2-assertion-emitter"
          class="org.atricore.idbus.capabilities.samlr2.main.emitter.SamlR2SecurityTokenEmitter">
        <property name="id" value="samlr2-assertion-emitter"/>
        <property name="identityPlan" ref="samlr2-sectoken-to-authnassertion-plan"/>
        <property name="signer" ref="idp1-samlr2-signer"/>
    </bean>

    <bean name="samlr2-sectoken-to-authnassertion-plan"
          class="org.atricore.idbus.capabilities.samlr2.main.emitter.plans.SamlR2SecurityTokenToAuthnAssertionPlan">
        <property name="bpmsManager" ref="bpms-manager"/>
        <property name="identityManager" ref="idp1-identity-manager"/>

    </bean>

    <!-- ================================================================== -->
    <!-- SSO Identity Manager Service                                       -->
    <!-- ================================================================== -->
    <bean name="idp1-identity-manager"
            class="org.atricore.idbus.kernel.main.store.SSOIdentityManagerImpl">

        <property name="identityStore" ref="idp1-identity-store"/>

        <property name="identityStoreKeyAdapter">
            <bean class="org.atricore.idbus.kernel.main.store.identity.SimpleIdentityStoreKeyAdapter"/>
        </property>

    </bean>

    <!-- ================================================================== -->
    <!-- Basic Authentication Scheme                                        -->
    <!-- ================================================================== -->
    <bean name="basic-authentication"
          class="org.atricore.idbus.kernel.main.authn.scheme.UsernamePasswordAuthScheme">
            <property name="hashAlgorithm" value="MD5"/>
            <property name="hashEncoding" value="HEX"/>
            <property name="ignorePasswordCase" value="false"/>
            <property name="ignoreUserCase" value="false"/>
        <property name="credentialStore" ref="idp1-identity-store"/>
        <property name="credentialStoreKeyAdapter">
            <bean class="org.atricore.idbus.kernel.main.store.identity.SimpleIdentityStoreKeyAdapter"/>
        </property>

    </bean>

    <!-- ================================================================== -->
    <!-- IDP Identity store           -->
    <!-- ================================================================== -->
    <bean name="idp1-identity-store" class="org.atricore.idbus.idojos.dbidentitystore.JDBCIdentityStore">
        <property name="driverName" value="org.apache.derby.jdbc.ClientDriver"/>
        <property name="connectionURL" value="jdbc:derby://localhost:1527/console;create=false"/>
        <property name="connectionName" value="atricore"/>
        <property name="connectionPassword" value="admin"/>
        <property name="userQueryString" value="SELECT USERNAME AS NAME FROM &quot;USER&quot; WHERE USERNAME = ?"/>
        <property name="rolesQueryString" value="SELECT G.NAME FROM &quot;USER&quot; U JOIN USER_GROUPS UG ON U.id = UG.user_id JOIN &quot;GROUP&quot; G ON UG.GROUP_ID = G.id WHERE U.USERNAME = ?"/>
        <property name="credentialsQueryString" value="SELECT USERNAME, USERPASSWORD AS PASSWORD FROM &quot;USER&quot; WHERE USERNAME = ?" />
		<property name="userPropertiesQueryString" value="SELECT FIRSTNAME, SURENAME FROM &quot;USER&quot; WHERE USERNAME = ?"/>
        <property name="resetCredentialDml" value="UPDATE &quot;USER&quot; SET USERPASSWORD = ? WHERE USERNAME = ?"/>
        <property name="relayCredentialQueryString" value="SELECT USERNAME FROM &quot;USER&quot; WHERE #?# = ?"/>
    </bean>

</s:beans>
